<?xml version="1.0" encoding="UTF-8"?>
<!-- Generated by org.testng.reporters.JUnitReportReporter -->
<testsuite hostname="LAPTOP-O1ONHJO3" failures="0" tests="3" name="adnabu.sumit.tests.CartPageTest" time="68.382" errors="0" timestamp="2024-01-29T13:13:45 IST" skipped="0">
  <testcase classname="adnabu.sumit.tests.CartPageTest" name="verifyUserAbleToAddProductIntoTheCart" time="21.061"/>
  <system-out/>
  <testcase classname="adnabu.sumit.tests.CartPageTest" name="verifyCartPageElementsAreDisplayed" time="24.277"/>
  <system-out/>
  <testcase classname="adnabu.sumit.tests.CartPageTest" name="verifyUserAbleToRemoveProductFromTheCart" time="23.044"/>
  <system-out/>
</testsuite> <!-- adnabu.sumit.tests.CartPageTest -->
