<?xml version="1.0" encoding="UTF-8"?>
<!-- Generated by org.testng.reporters.JUnitReportReporter -->
<testsuite hostname="LAPTOP-O1ONHJO3" failures="0" tests="2" name="adnabu.sumit.tests.ProductListingPageTest" time="36.845" errors="0" timestamp="2024-01-29T13:58:30 IST" skipped="0">
  <testcase classname="adnabu.sumit.tests.ProductListingPageTest" name="verifyInStockAvailabilityFilter" time="17.731"/>
  <system-out/>
  <testcase classname="adnabu.sumit.tests.ProductListingPageTest" name="verifyOutOfStockAvailabilityFilter" time="19.114"/>
  <system-out/>
</testsuite> <!-- adnabu.sumit.tests.ProductListingPageTest -->
