<?xml version="1.0" encoding="UTF-8"?>
<!-- Generated by org.testng.reporters.JUnitReportReporter -->
<testsuite hostname="LAPTOP-O1ONHJO3" failures="0" tests="2" name="adnabu.sumit.tests.HomePageTest" time="18.198" errors="0" timestamp="2024-01-29T13:03:44 IST" skipped="0">
  <testcase classname="adnabu.sumit.tests.HomePageTest" name="verifySearchSuggestions" time="9.259"/>
  <system-out/>
  <testcase classname="adnabu.sumit.tests.HomePageTest" name="verifyUserAbleToSearchData" time="8.939"/>
  <system-out/>
</testsuite> <!-- adnabu.sumit.tests.HomePageTest -->
